2016-08-26 16:28:05 DEBUG TestListener:23 - Test with thread pool-1-thread-3 is started
2016-08-26 16:28:08 DEBUG TestListener:23 - Test with thread pool-1-thread-1 is started
2016-08-26 16:28:12 DEBUG TestListener:23 - Test with thread pool-1-thread-2 is started
2016-08-26 16:28:48 DEBUG BasePage:23 - Page https://www.onliner.by is opened
2016-08-26 16:28:49 DEBUG BasePage:23 - Page https://www.onliner.by is opened
2016-08-26 16:28:49 DEBUG BasePage:23 - Page https://www.onliner.by is opened
2016-08-26 16:28:49 DEBUG TextInput:29 - Send text: sams to text input field inputField
2016-08-26 16:28:49 DEBUG Button:28 - Click facebookLogin button
2016-08-26 16:28:49 DEBUG Link:28 - Click catalogPath link
2016-08-26 16:29:04 DEBUG Button:28 - Click cancelButton button
2016-08-26 16:29:05 DEBUG TextInput:36 - Submit inputField text input field
2016-08-26 16:29:21 DEBUG Image:28 - Image onlinerLogotype is present
2016-08-26 16:29:25 DEBUG TestListener:27 - Test with thread pool-1-thread-1 is finished success
2016-08-26 16:29:30 DEBUG TestListener:27 - Test with thread pool-1-thread-3 is finished success
2016-08-26 16:29:34 DEBUG Link:28 - Click mobilesPath link
2016-08-26 16:29:54 DEBUG CheckBox:31 - Click The element not found checkbox
2016-08-26 16:30:20 DEBUG CheckBox:31 - Click The element not found checkbox
2016-08-26 16:30:28 DEBUG Link:28 - Click maxReviewPhone link
2016-08-26 16:30:39 DEBUG TextLabel:28 - Get value Android, экран 5.5" IPS (1080x1920), ОЗУ 2 ГБ, флэш-память 16 ГБ, карты памяти, камера 16 Мп, аккумулятор 4000 мАч, Dual SIM, цвет серый from text field phoneDescription
2016-08-26 16:30:39 DEBUG Link:28 - Click reviewLink link
2016-08-26 16:30:45 DEBUG TextLabel:28 - Get value Android, экран 5.5" IPS (1080x1920), ОЗУ 2 ГБ, флэш-память 16 ГБ, карты памяти, камера 16 Мп, аккумулятор 4000 мАч, Dual SIM, цвет серый from text field phoneDescriptionFromReviewLink
2016-08-26 16:30:45 DEBUG TestListener:27 - Test with thread pool-1-thread-2 is finished success
